This file contains any messages produced by compilers while
running configure, to aid debugging if configure makes a mistake.

It was created by libserialport configure 0.1.1, which was
generated by GNU Autoconf 2.69.  Invocation command line was

  $ ./configure 

## --------- ##
## Platform. ##
## --------- ##

hostname = raspberrypi
uname -m = armv7l
uname -r = 5.4.51-v7+
uname -s = Linux
uname -v = #1333 SMP Mon Aug 10 16:45:19 BST 2020

/usr/bin/uname -p = unknown
/bin/uname -X     = unknown

/bin/arch              = unknown
/usr/bin/arch -k       = unknown
/usr/convex/getsysinfo = unknown
/usr/bin/hostinfo      = unknown
/bin/machine           = unknown
/usr/bin/oslevel       = unknown
/bin/universe          = unknown

PATH: /home/pi/.vscode-server/bin/e5a624b788d92b8d34d1392e4c4d9789406efe8f/bin
PATH: /usr/local/sbin
PATH: /usr/local/bin
PATH: /usr/sbin
PATH: /usr/bin
PATH: /sbin
PATH: /bin
PATH: /usr/local/games
PATH: /usr/games


## ----------- ##
## Core tests. ##
## ----------- ##

configure:2444: checking for a BSD-compatible install
configure:2512: result: /usr/bin/install -c
configure:2523: checking whether build environment is sane
configure:2578: result: yes
configure:2727: checking for a thread-safe mkdir -p
configure:2766: result: /bin/mkdir -p
configure:2773: checking for gawk
configure:2803: result: no
configure:2773: checking for mawk
configure:2789: found /usr/bin/mawk
configure:2800: result: mawk
configure:2811: checking whether make sets $(MAKE)
configure:2833: result: yes
configure:2862: checking whether make supports nested variables
configure:2879: result: yes
configure:3007: checking whether make supports nested variables
configure:3024: result: yes
configure:3039: checking whether make supports the include directive
configure:3054: make -f confmf.GNU && cat confinc.out
this is the am__doit target
configure:3057: $? = 0
configure:3076: result: yes (GNU style)
configure:3146: checking for gcc
configure:3162: found /usr/bin/gcc
configure:3173: result: gcc
configure:3402: checking for C compiler version
configure:3411: gcc --version >&5
gcc (Raspbian 8.3.0-6+rpi1) 8.3.0
Copyright (C) 2018 Free Software Foundation, Inc.
This is free software; see the source for copying conditions.  There is NO
warranty; not even for MERCHANTABILITY or FITNESS FOR A PARTICULAR PURPOSE.

configure:3422: $? = 0
configure:3411: gcc -v >&5
Using built-in specs.
COLLECT_GCC=gcc
COLLECT_LTO_WRAPPER=/usr/lib/gcc/arm-linux-gnueabihf/8/lto-wrapper
Target: arm-linux-gnueabihf
Configured with: ../src/configure -v --with-pkgversion='Raspbian 8.3.0-6+rpi1' --with-bugurl=file:///usr/share/doc/gcc-8/README.Bugs --enable-languages=c,ada,c++,go,d,fortran,objc,obj-c++ --prefix=/usr --with-gcc-major-version-only --program-suffix=-8 --program-prefix=arm-linux-gnueabihf- --enable-shared --enable-linker-build-id --libexecdir=/usr/lib --without-included-gettext --enable-threads=posix --libdir=/usr/lib --enable-nls --enable-bootstrap --enable-clocale=gnu --enable-libstdcxx-debug --enable-libstdcxx-time=yes --with-default-libstdcxx-abi=new --enable-gnu-unique-object --disable-libitm --disable-libquadmath --disable-libquadmath-support --enable-plugin --with-system-zlib --with-target-system-zlib --enable-objc-gc=auto --enable-multiarch --disable-sjlj-exceptions --with-arch=armv6 --with-fpu=vfp --with-float=hard --disable-werror --enable-checking=release --build=arm-linux-gnueabihf --host=arm-linux-gnueabihf --target=arm-linux-gnueabihf
Thread model: posix
gcc version 8.3.0 (Raspbian 8.3.0-6+rpi1) 
configure:3422: $? = 0
configure:3411: gcc -V >&5
gcc: error: unrecognized command line option '-V'
gcc: fatal error: no input files
compilation terminated.
configure:3422: $? = 1
configure:3411: gcc -qversion >&5
gcc: error: unrecognized command line option '-qversion'; did you mean '--version'?
gcc: fatal error: no input files
compilation terminated.
configure:3422: $? = 1
configure:3442: checking whether the C compiler works
configure:3464: gcc    conftest.c  >&5
configure:3468: $? = 0
configure:3516: result: yes
configure:3519: checking for C compiler default output file name
configure:3521: result: a.out
configure:3527: checking for suffix of executables
configure:3534: gcc -o conftest    conftest.c  >&5
configure:3538: $? = 0
configure:3560: result: 
configure:3582: checking whether we are cross compiling
configure:3590: gcc -o conftest    conftest.c  >&5
configure:3594: $? = 0
configure:3601: ./conftest
configure:3605: $? = 0
configure:3593: result: no
configure:3598: checking for suffix of object files
configure:3620: gcc -c   conftest.c >&5
configure:3624: $? = 0
configure:3645: result: o
configure:3649: checking whether we are using the GNU C compiler
configure:3668: gcc -c   conftest.c >&5
configure:3668: $? = 0
configure:3677: result: yes
configure:3686: checking whether gcc accepts -g
configure:3706: gcc -c -g  conftest.c >&5
configure:3706: $? = 0
configure:3747: result: yes
configure:3764: checking for gcc option to accept ISO C89
configure:3827: gcc  -c -g -O2  conftest.c >&5
configure:3827: $? = 0
configure:3840: result: none needed
configure:3865: checking whether gcc understands -c and -o together
configure:3887: gcc -c conftest.c -o conftest2.o
configure:3890: $? = 0
configure:3887: gcc -c conftest.c -o conftest2.o
configure:3890: $? = 0
configure:3902: result: yes
configure:3921: checking dependency style of gcc
configure:4032: result: gcc3
configure:4097: checking for ar
configure:4113: found /usr/bin/ar
configure:4124: result: ar
configure:4150: checking the archiver (ar) interface
configure:4166: gcc -c -g -O2  conftest.c >&5
configure:4166: $? = 0
configure:4168: ar cru libconftest.a conftest.o >&5
ar: `u' modifier ignored since `D' is the default (see `U')
configure:4171: $? = 0
configure:4170: result: ar
configure:4240: checking for gcc
configure:4267: result: gcc
configure:4496: checking for C compiler version
configure:4505: gcc --version >&5
gcc (Raspbian 8.3.0-6+rpi1) 8.3.0
Copyright (C) 2018 Free Software Foundation, Inc.
This is free software; see the source for copying conditions.  There is NO
warranty; not even for MERCHANTABILITY or FITNESS FOR A PARTICULAR PURPOSE.

configure:4516: $? = 0
configure:4505: gcc -v >&5
Using built-in specs.
COLLECT_GCC=gcc
COLLECT_LTO_WRAPPER=/usr/lib/gcc/arm-linux-gnueabihf/8/lto-wrapper
Target: arm-linux-gnueabihf
Configured with: ../src/configure -v --with-pkgversion='Raspbian 8.3.0-6+rpi1' --with-bugurl=file:///usr/share/doc/gcc-8/README.Bugs --enable-languages=c,ada,c++,go,d,fortran,objc,obj-c++ --prefix=/usr --with-gcc-major-version-only --program-suffix=-8 --program-prefix=arm-linux-gnueabihf- --enable-shared --enable-linker-build-id --libexecdir=/usr/lib --without-included-gettext --enable-threads=posix --libdir=/usr/lib --enable-nls --enable-bootstrap --enable-clocale=gnu --enable-libstdcxx-debug --enable-libstdcxx-time=yes --with-default-libstdcxx-abi=new --enable-gnu-unique-object --disable-libitm --disable-libquadmath --disable-libquadmath-support --enable-plugin --with-system-zlib --with-target-system-zlib --enable-objc-gc=auto --enable-multiarch --disable-sjlj-exceptions --with-arch=armv6 --with-fpu=vfp --with-float=hard --disable-werror --enable-checking=release --build=arm-linux-gnueabihf --host=arm-linux-gnueabihf --target=arm-linux-gnueabihf
Thread model: posix
gcc version 8.3.0 (Raspbian 8.3.0-6+rpi1) 
configure:4516: $? = 0
configure:4505: gcc -V >&5
gcc: error: unrecognized command line option '-V'
gcc: fatal error: no input files
compilation terminated.
configure:4516: $? = 1
configure:4505: gcc -qversion >&5
gcc: error: unrecognized command line option '-qversion'; did you mean '--version'?
gcc: fatal error: no input files
compilation terminated.
configure:4516: $? = 1
configure:4520: checking whether we are using the GNU C compiler
configure:4548: result: yes
configure:4557: checking whether gcc accepts -g
configure:4618: result: yes
configure:4635: checking for gcc option to accept ISO C89
configure:4711: result: none needed
configure:4736: checking whether gcc understands -c and -o together
configure:4773: result: yes
configure:4792: checking dependency style of gcc
configure:4903: result: gcc3
configure:4919: checking whether ln -s works
configure:4923: result: yes
configure:4973: checking build system type
configure:4987: result: armv7l-unknown-linux-gnueabihf
configure:5007: checking host system type
configure:5020: result: armv7l-unknown-linux-gnueabihf
configure:5061: checking how to print strings
configure:5088: result: printf
configure:5109: checking for a sed that does not truncate output
configure:5173: result: /bin/sed
configure:5191: checking for grep that handles long lines and -e
configure:5249: result: /bin/grep
configure:5254: checking for egrep
configure:5316: result: /bin/grep -E
configure:5321: checking for fgrep
configure:5383: result: /bin/grep -F
configure:5418: checking for ld used by gcc
configure:5485: result: /usr/bin/ld
configure:5492: checking if the linker (/usr/bin/ld) is GNU ld
configure:5507: result: yes
configure:5519: checking for BSD- or MS-compatible name lister (nm)
configure:5573: result: /usr/bin/nm -B
configure:5703: checking the name lister (/usr/bin/nm -B) interface
configure:5710: gcc -c -g -O2  conftest.c >&5
configure:5713: /usr/bin/nm -B "conftest.o"
configure:5716: output
00000000 B some_variable
configure:5717: result: BSD nm
configure:5721: checking the maximum length of command line arguments
configure:5852: result: 1572864
configure:5900: checking how to convert armv7l-unknown-linux-gnueabihf file names to armv7l-unknown-linux-gnueabihf format
configure:5940: result: func_convert_file_noop
configure:5947: checking how to convert armv7l-unknown-linux-gnueabihf file names to toolchain format
configure:5967: result: func_convert_file_noop
configure:5974: checking for /usr/bin/ld option to reload object files
configure:5981: result: -r
configure:6055: checking for objdump
configure:6071: found /usr/bin/objdump
configure:6082: result: objdump
configure:6114: checking how to recognize dependent libraries
configure:6314: result: pass_all
configure:6399: checking for dlltool
configure:6429: result: no
configure:6459: checking how to associate runtime and link libraries
configure:6486: result: printf %s\n
configure:6610: checking for archiver @FILE support
configure:6627: gcc -c -g -O2  conftest.c >&5
configure:6627: $? = 0
configure:6630: ar cru libconftest.a @conftest.lst >&5
ar: `u' modifier ignored since `D' is the default (see `U')
configure:6633: $? = 0
configure:6638: ar cru libconftest.a @conftest.lst >&5
ar: `u' modifier ignored since `D' is the default (see `U')
ar: conftest.o: No such file or directory
configure:6641: $? = 1
configure:6640: result: @
configure:6698: checking for strip
configure:6714: found /usr/bin/strip
configure:6725: result: strip
configure:6797: checking for ranlib
configure:6813: found /usr/bin/ranlib
configure:6824: result: ranlib
configure:6926: checking command to parse /usr/bin/nm -B output from gcc object
configure:7079: gcc -c -g -O2  conftest.c >&5
configure:7082: $? = 0
configure:7086: /usr/bin/nm -B conftest.o | sed -n -e 's/^.*[	 ]\([ABCDGIRSTW][ABCDGIRSTW]*\)[	 ][	 ]*\([_A-Za-z][_A-Za-z0-9]*\)$/\1 \2 \2/p' | sed '/ __gnu_lto/d' > conftest.nm
configure:7152: gcc -o conftest -g -O2   conftest.c conftstm.o >&5
configure:7155: $? = 0
configure:7193: result: ok
configure:7240: checking for sysroot
configure:7270: result: no
configure:7277: checking for a working dd
configure:7315: result: /bin/dd
configure:7319: checking how to truncate binary pipes
configure:7334: result: /bin/dd bs=4096 count=1
configure:7663: checking for mt
configure:7679: found /bin/mt
configure:7690: result: mt
configure:7713: checking if mt is a manifest tool
configure:7719: mt '-?'
configure:7727: result: no
configure:8404: checking how to run the C preprocessor
configure:8435: gcc -E  conftest.c
configure:8435: $? = 0
configure:8449: gcc -E  conftest.c
conftest.c:9:10: fatal error: ac_nonexistent.h: No such file or directory
 #include <ac_nonexistent.h>
          ^~~~~~~~~~~~~~~~~~
compilation terminated.
configure:8449: $? = 1
configure: failed program was:
| /* confdefs.h */
| #define PACKAGE_NAME "libserialport"
| #define PACKAGE_TARNAME "libserialport"
| #define PACKAGE_VERSION "0.1.1"
| #define PACKAGE_STRING "libserialport 0.1.1"
| #define PACKAGE_BUGREPORT "martin-libserialport@earth.li"
| #define PACKAGE_URL "http://sigrok.org/wiki/Libserialport"
| /* end confdefs.h.  */
| #include <ac_nonexistent.h>
configure:8474: result: gcc -E
configure:8494: gcc -E  conftest.c
configure:8494: $? = 0
configure:8508: gcc -E  conftest.c
conftest.c:9:10: fatal error: ac_nonexistent.h: No such file or directory
 #include <ac_nonexistent.h>
          ^~~~~~~~~~~~~~~~~~
compilation terminated.
configure:8508: $? = 1
configure: failed program was:
| /* confdefs.h */
| #define PACKAGE_NAME "libserialport"
| #define PACKAGE_TARNAME "libserialport"
| #define PACKAGE_VERSION "0.1.1"
| #define PACKAGE_STRING "libserialport 0.1.1"
| #define PACKAGE_BUGREPORT "martin-libserialport@earth.li"
| #define PACKAGE_URL "http://sigrok.org/wiki/Libserialport"
| /* end confdefs.h.  */
| #include <ac_nonexistent.h>
configure:8537: checking for ANSI C header files
configure:8557: gcc -c -g -O2  conftest.c >&5
configure:8557: $? = 0
configure:8630: gcc -o conftest -g -O2   conftest.c  >&5
configure:8630: $? = 0
configure:8630: ./conftest
configure:8630: $? = 0
configure:8641: result: yes
configure:8654: checking for sys/types.h
configure:8654: gcc -c -g -O2  conftest.c >&5
configure:8654: $? = 0
configure:8654: result: yes
configure:8654: checking for sys/stat.h
configure:8654: gcc -c -g -O2  conftest.c >&5
configure:8654: $? = 0
configure:8654: result: yes
configure:8654: checking for stdlib.h
configure:8654: gcc -c -g -O2  conftest.c >&5
configure:8654: $? = 0
configure:8654: result: yes
configure:8654: checking for string.h
configure:8654: gcc -c -g -O2  conftest.c >&5
configure:8654: $? = 0
configure:8654: result: yes
configure:8654: checking for memory.h
configure:8654: gcc -c -g -O2  conftest.c >&5
configure:8654: $? = 0
configure:8654: result: yes
configure:8654: checking for strings.h
configure:8654: gcc -c -g -O2  conftest.c >&5
configure:8654: $? = 0
configure:8654: result: yes
configure:8654: checking for inttypes.h
configure:8654: gcc -c -g -O2  conftest.c >&5
configure:8654: $? = 0
configure:8654: result: yes
configure:8654: checking for stdint.h
configure:8654: gcc -c -g -O2  conftest.c >&5
configure:8654: $? = 0
configure:8654: result: yes
configure:8654: checking for unistd.h
configure:8654: gcc -c -g -O2  conftest.c >&5
configure:8654: $? = 0
configure:8654: result: yes
configure:8668: checking for dlfcn.h
configure:8668: gcc -c -g -O2  conftest.c >&5
configure:8668: $? = 0
configure:8668: result: yes
configure:8924: checking for objdir
configure:8939: result: .libs
configure:9203: checking if gcc supports -fno-rtti -fno-exceptions
configure:9221: gcc -c -g -O2  -fno-rtti -fno-exceptions conftest.c >&5
cc1: warning: command line option '-fno-rtti' is valid for C++/ObjC++ but not for C
configure:9225: $? = 0
configure:9238: result: no
configure:9596: checking for gcc option to produce PIC
configure:9603: result: -fPIC -DPIC
configure:9611: checking if gcc PIC flag -fPIC -DPIC works
configure:9629: gcc -c -g -O2  -fPIC -DPIC -DPIC conftest.c >&5
configure:9633: $? = 0
configure:9646: result: yes
configure:9675: checking if gcc static flag -static works
configure:9703: result: yes
configure:9718: checking if gcc supports -c -o file.o
configure:9739: gcc -c -g -O2  -o out/conftest2.o conftest.c >&5
configure:9743: $? = 0
configure:9765: result: yes
configure:9773: checking if gcc supports -c -o file.o
configure:9820: result: yes
configure:9853: checking whether the gcc linker (/usr/bin/ld) supports shared libraries
configure:11116: result: yes
configure:11153: checking whether -lc should be explicitly linked in
configure:11161: gcc -c -g -O2  conftest.c >&5
configure:11164: $? = 0
configure:11179: gcc -shared  -fPIC -DPIC conftest.o  -v -Wl,-soname -Wl,conftest -o conftest 2\>\&1 \| /bin/grep  -lc  \>/dev/null 2\>\&1
configure:11182: $? = 0
configure:11196: result: no
configure:11356: checking dynamic linker characteristics
configure:11937: gcc -o conftest -g -O2   -Wl,-rpath -Wl,/foo conftest.c  >&5
configure:11937: $? = 0
configure:12186: result: GNU/Linux ld.so
configure:12308: checking how to hardcode library paths into programs
configure:12333: result: immediate
configure:12881: checking whether stripping libraries is possible
configure:12886: result: yes
configure:12921: checking if libtool supports shared libraries
configure:12923: result: yes
configure:12926: checking whether to build shared libraries
configure:12951: result: yes
configure:12954: checking whether to build static libraries
configure:12958: result: yes
configure:9897: checking for special C compiler options needed for large files
configure:9942: result: no
configure:9948: checking for _FILE_OFFSET_BITS value needed for large files
configure:9973: gcc -c -g -O2  conftest.c >&5
conftest.c:34:41: warning: result of '-2147483648 << 31' requires 63 bits to represent, but 'long int' only has 32 bits [-Wshift-overflow=]
 #define LARGE_OFF_T ((((off_t) 1 << 31) << 31) - 1 + (((off_t) 1 << 31) << 31))
                                         ^~
conftest.c:35:23: note: in expansion of macro 'LARGE_OFF_T'
   int off_t_is_large[(LARGE_OFF_T % 2147483629 == 721
                       ^~~~~~~~~~~
conftest.c:34:73: warning: result of '-2147483648 << 31' requires 63 bits to represent, but 'long int' only has 32 bits [-Wshift-overflow=]
 #define LARGE_OFF_T ((((off_t) 1 << 31) << 31) - 1 + (((off_t) 1 << 31) << 31))
                                                                         ^~
conftest.c:35:23: note: in expansion of macro 'LARGE_OFF_T'
   int off_t_is_large[(LARGE_OFF_T % 2147483629 == 721
                       ^~~~~~~~~~~
conftest.c:34:41: warning: result of '-2147483648 << 31' requires 63 bits to represent, but 'long int' only has 32 bits [-Wshift-overflow=]
 #define LARGE_OFF_T ((((off_t) 1 << 31) << 31) - 1 + (((off_t) 1 << 31) << 31))
                                         ^~
conftest.c:36:13: note: in expansion of macro 'LARGE_OFF_T'
          && LARGE_OFF_T % 2147483647 == 1)
             ^~~~~~~~~~~
conftest.c:34:73: warning: result of '-2147483648 << 31' requires 63 bits to represent, but 'long int' only has 32 bits [-Wshift-overflow=]
 #define LARGE_OFF_T ((((off_t) 1 << 31) << 31) - 1 + (((off_t) 1 << 31) << 31))
                                                                         ^~
conftest.c:36:13: note: in expansion of macro 'LARGE_OFF_T'
          && LARGE_OFF_T % 2147483647 == 1)
             ^~~~~~~~~~~
conftest.c:35:7: error: variably modified 'off_t_is_large' at file scope
   int off_t_is_large[(LARGE_OFF_T % 2147483629 == 721
       ^~~~~~~~~~~~~~
configure:9973: $? = 1
configure: failed program was:
| /* confdefs.h */
| #define PACKAGE_NAME "libserialport"
| #define PACKAGE_TARNAME "libserialport"
| #define PACKAGE_VERSION "0.1.1"
| #define PACKAGE_STRING "libserialport 0.1.1"
| #define PACKAGE_BUGREPORT "martin-libserialport@earth.li"
| #define PACKAGE_URL "http://sigrok.org/wiki/Libserialport"
| #define STDC_HEADERS 1
| #define HAVE_SYS_TYPES_H 1
| #define HAVE_SYS_STAT_H 1
| #define HAVE_STDLIB_H 1
| #define HAVE_STRING_H 1
| #define HAVE_MEMORY_H 1
| #define HAVE_STRINGS_H 1
| #define HAVE_INTTYPES_H 1
| #define HAVE_STDINT_H 1
| #define HAVE_UNISTD_H 1
| #define HAVE_DLFCN_H 1
| #define LT_OBJDIR ".libs/"
| #define SP_PACKAGE_VERSION_MAJOR 0
| #define SP_PACKAGE_VERSION_MINOR 1
| #define SP_PACKAGE_VERSION_MICRO 1
| #define SP_PACKAGE_VERSION_STRING "0.1.1"
| #define SP_LIB_VERSION_CURRENT 1
| #define SP_LIB_VERSION_REVISION 0
| #define SP_LIB_VERSION_AGE 1
| #define SP_LIB_VERSION_STRING "1:0:1"
| /* end confdefs.h.  */
| #include <sys/types.h>
|  /* Check that off_t can represent 2**63 - 1 correctly.
|     We can't simply define LARGE_OFF_T to be 9223372036854775807,
|     since some C++ compilers masquerading as C compilers
|     incorrectly reject 9223372036854775807.  */
| #define LARGE_OFF_T ((((off_t) 1 << 31) << 31) - 1 + (((off_t) 1 << 31) << 31))
|   int off_t_is_large[(LARGE_OFF_T % 2147483629 == 721
| 		       && LARGE_OFF_T % 2147483647 == 1)
| 		      ? 1 : -1];
| int
| main ()
| {
| 
|   ;
|   return 0;
| }
configure:9997: gcc -c -g -O2  conftest.c >&5
configure:9997: $? = 0
configure:10005: result: 64
configure:10092: checking for size_t
configure:10092: gcc -c -g -O2  conftest.c >&5
configure:10092: $? = 0
configure:10092: gcc -c -g -O2  conftest.c >&5
conftest.c: In function 'main':
conftest.c:66:21: error: expected expression before ')' token
 if (sizeof ((size_t)))
                     ^
configure:10092: $? = 1
configure: failed program was:
| /* confdefs.h */
| #define PACKAGE_NAME "libserialport"
| #define PACKAGE_TARNAME "libserialport"
| #define PACKAGE_VERSION "0.1.1"
| #define PACKAGE_STRING "libserialport 0.1.1"
| #define PACKAGE_BUGREPORT "martin-libserialport@earth.li"
| #define PACKAGE_URL "http://sigrok.org/wiki/Libserialport"
| #define STDC_HEADERS 1
| #define HAVE_SYS_TYPES_H 1
| #define HAVE_SYS_STAT_H 1
| #define HAVE_STDLIB_H 1
| #define HAVE_STRING_H 1
| #define HAVE_MEMORY_H 1
| #define HAVE_STRINGS_H 1
| #define HAVE_INTTYPES_H 1
| #define HAVE_STDINT_H 1
| #define HAVE_UNISTD_H 1
| #define HAVE_DLFCN_H 1
| #define LT_OBJDIR ".libs/"
| #define SP_PACKAGE_VERSION_MAJOR 0
| #define SP_PACKAGE_VERSION_MINOR 1
| #define SP_PACKAGE_VERSION_MICRO 1
| #define SP_PACKAGE_VERSION_STRING "0.1.1"
| #define SP_LIB_VERSION_CURRENT 1
| #define SP_LIB_VERSION_REVISION 0
| #define SP_LIB_VERSION_AGE 1
| #define SP_LIB_VERSION_STRING "1:0:1"
| #define _FILE_OFFSET_BITS 64
| /* end confdefs.h.  */
| #include <stdio.h>
| #ifdef HAVE_SYS_TYPES_H
| # include <sys/types.h>
| #endif
| #ifdef HAVE_SYS_STAT_H
| # include <sys/stat.h>
| #endif
| #ifdef STDC_HEADERS
| # include <stdlib.h>
| # include <stddef.h>
| #else
| # ifdef HAVE_STDLIB_H
| #  include <stdlib.h>
| # endif
| #endif
| #ifdef HAVE_STRING_H
| # if !defined STDC_HEADERS && defined HAVE_MEMORY_H
| #  include <memory.h>
| # endif
| # include <string.h>
| #endif
| #ifdef HAVE_STRINGS_H
| # include <strings.h>
| #endif
| #ifdef HAVE_INTTYPES_H
| # include <inttypes.h>
| #endif
| #ifdef HAVE_STDINT_H
| # include <stdint.h>
| #endif
| #ifdef HAVE_UNISTD_H
| # include <unistd.h>
| #endif
| int
| main ()
| {
| if (sizeof ((size_t)))
| 	    return 0;
|   ;
|   return 0;
| }
configure:10092: result: yes
configure:10105: checking for struct termios2
configure:10105: gcc -c -g -O2  conftest.c >&5
configure:10105: $? = 0
configure:10105: gcc -c -g -O2  conftest.c >&5
conftest.c: In function 'main':
conftest.c:35:30: error: expected expression before ')' token
 if (sizeof ((struct termios2)))
                              ^
configure:10105: $? = 1
configure: failed program was:
| /* confdefs.h */
| #define PACKAGE_NAME "libserialport"
| #define PACKAGE_TARNAME "libserialport"
| #define PACKAGE_VERSION "0.1.1"
| #define PACKAGE_STRING "libserialport 0.1.1"
| #define PACKAGE_BUGREPORT "martin-libserialport@earth.li"
| #define PACKAGE_URL "http://sigrok.org/wiki/Libserialport"
| #define STDC_HEADERS 1
| #define HAVE_SYS_TYPES_H 1
| #define HAVE_SYS_STAT_H 1
| #define HAVE_STDLIB_H 1
| #define HAVE_STRING_H 1
| #define HAVE_MEMORY_H 1
| #define HAVE_STRINGS_H 1
| #define HAVE_INTTYPES_H 1
| #define HAVE_STDINT_H 1
| #define HAVE_UNISTD_H 1
| #define HAVE_DLFCN_H 1
| #define LT_OBJDIR ".libs/"
| #define SP_PACKAGE_VERSION_MAJOR 0
| #define SP_PACKAGE_VERSION_MINOR 1
| #define SP_PACKAGE_VERSION_MICRO 1
| #define SP_PACKAGE_VERSION_STRING "0.1.1"
| #define SP_LIB_VERSION_CURRENT 1
| #define SP_LIB_VERSION_REVISION 0
| #define SP_LIB_VERSION_AGE 1
| #define SP_LIB_VERSION_STRING "1:0:1"
| #define _FILE_OFFSET_BITS 64
| /* end confdefs.h.  */
| #include <linux/termios.h>
| 
| int
| main ()
| {
| if (sizeof ((struct termios2)))
| 	    return 0;
|   ;
|   return 0;
| }
configure:10105: result: yes
configure:10115: checking for struct termiox
configure:10115: gcc -c -g -O2  conftest.c >&5
configure:10115: $? = 0
configure:10115: gcc -c -g -O2  conftest.c >&5
conftest.c: In function 'main':
conftest.c:36:29: error: expected expression before ')' token
 if (sizeof ((struct termiox)))
                             ^
configure:10115: $? = 1
configure: failed program was:
| /* confdefs.h */
| #define PACKAGE_NAME "libserialport"
| #define PACKAGE_TARNAME "libserialport"
| #define PACKAGE_VERSION "0.1.1"
| #define PACKAGE_STRING "libserialport 0.1.1"
| #define PACKAGE_BUGREPORT "martin-libserialport@earth.li"
| #define PACKAGE_URL "http://sigrok.org/wiki/Libserialport"
| #define STDC_HEADERS 1
| #define HAVE_SYS_TYPES_H 1
| #define HAVE_SYS_STAT_H 1
| #define HAVE_STDLIB_H 1
| #define HAVE_STRING_H 1
| #define HAVE_MEMORY_H 1
| #define HAVE_STRINGS_H 1
| #define HAVE_INTTYPES_H 1
| #define HAVE_STDINT_H 1
| #define HAVE_UNISTD_H 1
| #define HAVE_DLFCN_H 1
| #define LT_OBJDIR ".libs/"
| #define SP_PACKAGE_VERSION_MAJOR 0
| #define SP_PACKAGE_VERSION_MINOR 1
| #define SP_PACKAGE_VERSION_MICRO 1
| #define SP_PACKAGE_VERSION_STRING "0.1.1"
| #define SP_LIB_VERSION_CURRENT 1
| #define SP_LIB_VERSION_REVISION 0
| #define SP_LIB_VERSION_AGE 1
| #define SP_LIB_VERSION_STRING "1:0:1"
| #define _FILE_OFFSET_BITS 64
| #define HAVE_STRUCT_TERMIOS2 1
| /* end confdefs.h.  */
| #include <linux/termios.h>
| 
| int
| main ()
| {
| if (sizeof ((struct termiox)))
| 	    return 0;
|   ;
|   return 0;
| }
configure:10115: result: yes
configure:10126: checking for struct termios.c_ispeed
configure:10126: gcc -c -g -O2  conftest.c >&5
conftest.c: In function 'main':
conftest.c:38:12: error: 'struct termios' has no member named 'c_ispeed'
 if (ac_aggr.c_ispeed)
            ^
configure:10126: $? = 1
configure: failed program was:
| /* confdefs.h */
| #define PACKAGE_NAME "libserialport"
| #define PACKAGE_TARNAME "libserialport"
| #define PACKAGE_VERSION "0.1.1"
| #define PACKAGE_STRING "libserialport 0.1.1"
| #define PACKAGE_BUGREPORT "martin-libserialport@earth.li"
| #define PACKAGE_URL "http://sigrok.org/wiki/Libserialport"
| #define STDC_HEADERS 1
| #define HAVE_SYS_TYPES_H 1
| #define HAVE_SYS_STAT_H 1
| #define HAVE_STDLIB_H 1
| #define HAVE_STRING_H 1
| #define HAVE_MEMORY_H 1
| #define HAVE_STRINGS_H 1
| #define HAVE_INTTYPES_H 1
| #define HAVE_STDINT_H 1
| #define HAVE_UNISTD_H 1
| #define HAVE_DLFCN_H 1
| #define LT_OBJDIR ".libs/"
| #define SP_PACKAGE_VERSION_MAJOR 0
| #define SP_PACKAGE_VERSION_MINOR 1
| #define SP_PACKAGE_VERSION_MICRO 1
| #define SP_PACKAGE_VERSION_STRING "0.1.1"
| #define SP_LIB_VERSION_CURRENT 1
| #define SP_LIB_VERSION_REVISION 0
| #define SP_LIB_VERSION_AGE 1
| #define SP_LIB_VERSION_STRING "1:0:1"
| #define _FILE_OFFSET_BITS 64
| #define HAVE_STRUCT_TERMIOS2 1
| #define HAVE_STRUCT_TERMIOX 1
| /* end confdefs.h.  */
| #include <linux/termios.h>
| 
| int
| main ()
| {
| static struct termios ac_aggr;
| if (ac_aggr.c_ispeed)
| return 0;
|   ;
|   return 0;
| }
configure:10126: gcc -c -g -O2  conftest.c >&5
conftest.c: In function 'main':
conftest.c:38:19: error: 'struct termios' has no member named 'c_ispeed'
 if (sizeof ac_aggr.c_ispeed)
                   ^
configure:10126: $? = 1
configure: failed program was:
| /* confdefs.h */
| #define PACKAGE_NAME "libserialport"
| #define PACKAGE_TARNAME "libserialport"
| #define PACKAGE_VERSION "0.1.1"
| #define PACKAGE_STRING "libserialport 0.1.1"
| #define PACKAGE_BUGREPORT "martin-libserialport@earth.li"
| #define PACKAGE_URL "http://sigrok.org/wiki/Libserialport"
| #define STDC_HEADERS 1
| #define HAVE_SYS_TYPES_H 1
| #define HAVE_SYS_STAT_H 1
| #define HAVE_STDLIB_H 1
| #define HAVE_STRING_H 1
| #define HAVE_MEMORY_H 1
| #define HAVE_STRINGS_H 1
| #define HAVE_INTTYPES_H 1
| #define HAVE_STDINT_H 1
| #define HAVE_UNISTD_H 1
| #define HAVE_DLFCN_H 1
| #define LT_OBJDIR ".libs/"
| #define SP_PACKAGE_VERSION_MAJOR 0
| #define SP_PACKAGE_VERSION_MINOR 1
| #define SP_PACKAGE_VERSION_MICRO 1
| #define SP_PACKAGE_VERSION_STRING "0.1.1"
| #define SP_LIB_VERSION_CURRENT 1
| #define SP_LIB_VERSION_REVISION 0
| #define SP_LIB_VERSION_AGE 1
| #define SP_LIB_VERSION_STRING "1:0:1"
| #define _FILE_OFFSET_BITS 64
| #define HAVE_STRUCT_TERMIOS2 1
| #define HAVE_STRUCT_TERMIOX 1
| /* end confdefs.h.  */
| #include <linux/termios.h>
| 
| int
| main ()
| {
| static struct termios ac_aggr;
| if (sizeof ac_aggr.c_ispeed)
| return 0;
|   ;
|   return 0;
| }
configure:10126: result: no
configure:10136: checking for struct termios.c_ospeed
configure:10136: gcc -c -g -O2  conftest.c >&5
conftest.c: In function 'main':
conftest.c:38:12: error: 'struct termios' has no member named 'c_ospeed'
 if (ac_aggr.c_ospeed)
            ^
configure:10136: $? = 1
configure: failed program was:
| /* confdefs.h */
| #define PACKAGE_NAME "libserialport"
| #define PACKAGE_TARNAME "libserialport"
| #define PACKAGE_VERSION "0.1.1"
| #define PACKAGE_STRING "libserialport 0.1.1"
| #define PACKAGE_BUGREPORT "martin-libserialport@earth.li"
| #define PACKAGE_URL "http://sigrok.org/wiki/Libserialport"
| #define STDC_HEADERS 1
| #define HAVE_SYS_TYPES_H 1
| #define HAVE_SYS_STAT_H 1
| #define HAVE_STDLIB_H 1
| #define HAVE_STRING_H 1
| #define HAVE_MEMORY_H 1
| #define HAVE_STRINGS_H 1
| #define HAVE_INTTYPES_H 1
| #define HAVE_STDINT_H 1
| #define HAVE_UNISTD_H 1
| #define HAVE_DLFCN_H 1
| #define LT_OBJDIR ".libs/"
| #define SP_PACKAGE_VERSION_MAJOR 0
| #define SP_PACKAGE_VERSION_MINOR 1
| #define SP_PACKAGE_VERSION_MICRO 1
| #define SP_PACKAGE_VERSION_STRING "0.1.1"
| #define SP_LIB_VERSION_CURRENT 1
| #define SP_LIB_VERSION_REVISION 0
| #define SP_LIB_VERSION_AGE 1
| #define SP_LIB_VERSION_STRING "1:0:1"
| #define _FILE_OFFSET_BITS 64
| #define HAVE_STRUCT_TERMIOS2 1
| #define HAVE_STRUCT_TERMIOX 1
| /* end confdefs.h.  */
| #include <linux/termios.h>
| 
| int
| main ()
| {
| static struct termios ac_aggr;
| if (ac_aggr.c_ospeed)
| return 0;
|   ;
|   return 0;
| }
configure:10136: gcc -c -g -O2  conftest.c >&5
conftest.c: In function 'main':
conftest.c:38:19: error: 'struct termios' has no member named 'c_ospeed'
 if (sizeof ac_aggr.c_ospeed)
                   ^
configure:10136: $? = 1
configure: failed program was:
| /* confdefs.h */
| #define PACKAGE_NAME "libserialport"
| #define PACKAGE_TARNAME "libserialport"
| #define PACKAGE_VERSION "0.1.1"
| #define PACKAGE_STRING "libserialport 0.1.1"
| #define PACKAGE_BUGREPORT "martin-libserialport@earth.li"
| #define PACKAGE_URL "http://sigrok.org/wiki/Libserialport"
| #define STDC_HEADERS 1
| #define HAVE_SYS_TYPES_H 1
| #define HAVE_SYS_STAT_H 1
| #define HAVE_STDLIB_H 1
| #define HAVE_STRING_H 1
| #define HAVE_MEMORY_H 1
| #define HAVE_STRINGS_H 1
| #define HAVE_INTTYPES_H 1
| #define HAVE_STDINT_H 1
| #define HAVE_UNISTD_H 1
| #define HAVE_DLFCN_H 1
| #define LT_OBJDIR ".libs/"
| #define SP_PACKAGE_VERSION_MAJOR 0
| #define SP_PACKAGE_VERSION_MINOR 1
| #define SP_PACKAGE_VERSION_MICRO 1
| #define SP_PACKAGE_VERSION_STRING "0.1.1"
| #define SP_LIB_VERSION_CURRENT 1
| #define SP_LIB_VERSION_REVISION 0
| #define SP_LIB_VERSION_AGE 1
| #define SP_LIB_VERSION_STRING "1:0:1"
| #define _FILE_OFFSET_BITS 64
| #define HAVE_STRUCT_TERMIOS2 1
| #define HAVE_STRUCT_TERMIOX 1
| /* end confdefs.h.  */
| #include <linux/termios.h>
| 
| int
| main ()
| {
| static struct termios ac_aggr;
| if (sizeof ac_aggr.c_ospeed)
| return 0;
|   ;
|   return 0;
| }
configure:10136: result: no
configure:10146: checking for struct termios2.c_ispeed
configure:10146: gcc -c -g -O2  conftest.c >&5
configure:10146: $? = 0
configure:10146: result: yes
configure:10156: checking for struct termios2.c_ospeed
configure:10156: gcc -c -g -O2  conftest.c >&5
configure:10156: $? = 0
configure:10156: result: yes
configure:10171: checking whether BOTHER is declared
configure:10171: gcc -c -g -O2  conftest.c >&5
configure:10171: $? = 0
configure:10171: result: yes
configure:10185: checking for struct serial_struct
configure:10185: gcc -c -g -O2  conftest.c >&5
configure:10185: $? = 0
configure:10185: gcc -c -g -O2  conftest.c >&5
conftest.c: In function 'main':
conftest.c:40:35: error: expected expression before ')' token
 if (sizeof ((struct serial_struct)))
                                   ^
configure:10185: $? = 1
configure: failed program was:
| /* confdefs.h */
| #define PACKAGE_NAME "libserialport"
| #define PACKAGE_TARNAME "libserialport"
| #define PACKAGE_VERSION "0.1.1"
| #define PACKAGE_STRING "libserialport 0.1.1"
| #define PACKAGE_BUGREPORT "martin-libserialport@earth.li"
| #define PACKAGE_URL "http://sigrok.org/wiki/Libserialport"
| #define STDC_HEADERS 1
| #define HAVE_SYS_TYPES_H 1
| #define HAVE_SYS_STAT_H 1
| #define HAVE_STDLIB_H 1
| #define HAVE_STRING_H 1
| #define HAVE_MEMORY_H 1
| #define HAVE_STRINGS_H 1
| #define HAVE_INTTYPES_H 1
| #define HAVE_STDINT_H 1
| #define HAVE_UNISTD_H 1
| #define HAVE_DLFCN_H 1
| #define LT_OBJDIR ".libs/"
| #define SP_PACKAGE_VERSION_MAJOR 0
| #define SP_PACKAGE_VERSION_MINOR 1
| #define SP_PACKAGE_VERSION_MICRO 1
| #define SP_PACKAGE_VERSION_STRING "0.1.1"
| #define SP_LIB_VERSION_CURRENT 1
| #define SP_LIB_VERSION_REVISION 0
| #define SP_LIB_VERSION_AGE 1
| #define SP_LIB_VERSION_STRING "1:0:1"
| #define _FILE_OFFSET_BITS 64
| #define HAVE_STRUCT_TERMIOS2 1
| #define HAVE_STRUCT_TERMIOX 1
| #define HAVE_STRUCT_TERMIOS2_C_ISPEED 1
| #define HAVE_STRUCT_TERMIOS2_C_OSPEED 1
| #define HAVE_DECL_BOTHER 1
| /* end confdefs.h.  */
| #include <linux/serial.h>
| 
| int
| main ()
| {
| if (sizeof ((struct serial_struct)))
| 	    return 0;
|   ;
|   return 0;
| }
configure:10185: result: yes
configure:10198: checking for realpath
configure:10198: gcc -o conftest -g -O2   conftest.c  >&5
configure:10198: $? = 0
configure:10198: result: yes
configure:10207: checking sys/file.h usability
configure:10207: gcc -c -g -O2  conftest.c >&5
configure:10207: $? = 0
configure:10207: result: yes
configure:10207: checking sys/file.h presence
configure:10207: gcc -E  conftest.c
configure:10207: $? = 0
configure:10207: result: yes
configure:10207: checking for sys/file.h
configure:10207: result: yes
configure:10215: checking for flock
configure:10215: gcc -o conftest -g -O2   conftest.c  >&5
configure:10215: $? = 0
configure:10215: result: yes
configure:10224: checking for clock_gettime
configure:10224: gcc -o conftest -g -O2   conftest.c  >&5
configure:10224: $? = 0
configure:10224: result: yes
configure:10232: checking for visibility control
configure:10244: gcc -c -g -O2 -Werror  conftest.c >&5
configure:10244: $? = 0
configure:10262: result: attribute
configure:10388: checking that generated files are newer than configure
configure:10394: result: done
configure:10437: creating ./config.status

## ---------------------- ##
## Running config.status. ##
## ---------------------- ##

This file was extended by libserialport config.status 0.1.1, which was
generated by GNU Autoconf 2.69.  Invocation command line was

  CONFIG_FILES    = 
  CONFIG_HEADERS  = 
  CONFIG_LINKS    = 
  CONFIG_COMMANDS = 
  $ ./config.status 

on raspberrypi

config.status:1113: creating Makefile
config.status:1113: creating libserialport.pc
config.status:1113: creating config.h
config.status:1342: executing depfiles commands
config.status:1419: cd .       && sed -e '/# am--include-marker/d' Makefile         | make -f - am--depfiles
config.status:1424: $? = 0
config.status:1342: executing libtool commands

## ---------------- ##
## Cache variables. ##
## ---------------- ##

ac_cv_build=armv7l-unknown-linux-gnueabihf
ac_cv_c_compiler_gnu=yes
ac_cv_env_CC_set=
ac_cv_env_CC_value=
ac_cv_env_CFLAGS_set=
ac_cv_env_CFLAGS_value=
ac_cv_env_CPPFLAGS_set=
ac_cv_env_CPPFLAGS_value=
ac_cv_env_CPP_set=
ac_cv_env_CPP_value=
ac_cv_env_LDFLAGS_set=
ac_cv_env_LDFLAGS_value=
ac_cv_env_LIBS_set=
ac_cv_env_LIBS_value=
ac_cv_env_LT_SYS_LIBRARY_PATH_set=
ac_cv_env_LT_SYS_LIBRARY_PATH_value=
ac_cv_env_build_alias_set=
ac_cv_env_build_alias_value=
ac_cv_env_host_alias_set=
ac_cv_env_host_alias_value=
ac_cv_env_target_alias_set=
ac_cv_env_target_alias_value=
ac_cv_func_clock_gettime=yes
ac_cv_func_flock=yes
ac_cv_func_realpath=yes
ac_cv_have_decl_BOTHER=yes
ac_cv_header_dlfcn_h=yes
ac_cv_header_inttypes_h=yes
ac_cv_header_memory_h=yes
ac_cv_header_stdc=yes
ac_cv_header_stdint_h=yes
ac_cv_header_stdlib_h=yes
ac_cv_header_string_h=yes
ac_cv_header_strings_h=yes
ac_cv_header_sys_file_h=yes
ac_cv_header_sys_stat_h=yes
ac_cv_header_sys_types_h=yes
ac_cv_header_unistd_h=yes
ac_cv_host=armv7l-unknown-linux-gnueabihf
ac_cv_member_struct_termios2_c_ispeed=yes
ac_cv_member_struct_termios2_c_ospeed=yes
ac_cv_member_struct_termios_c_ispeed=no
ac_cv_member_struct_termios_c_ospeed=no
ac_cv_objext=o
ac_cv_path_EGREP='/bin/grep -E'
ac_cv_path_FGREP='/bin/grep -F'
ac_cv_path_GREP=/bin/grep
ac_cv_path_SED=/bin/sed
ac_cv_path_install='/usr/bin/install -c'
ac_cv_path_lt_DD=/bin/dd
ac_cv_path_mkdir=/bin/mkdir
ac_cv_prog_AWK=mawk
ac_cv_prog_CPP='gcc -E'
ac_cv_prog_ac_ct_AR=ar
ac_cv_prog_ac_ct_CC=gcc
ac_cv_prog_ac_ct_MANIFEST_TOOL=mt
ac_cv_prog_ac_ct_OBJDUMP=objdump
ac_cv_prog_ac_ct_RANLIB=ranlib
ac_cv_prog_ac_ct_STRIP=strip
ac_cv_prog_cc_c89=
ac_cv_prog_cc_g=yes
ac_cv_prog_make_make_set=yes
ac_cv_sys_file_offset_bits=64
ac_cv_sys_largefile_CC=no
ac_cv_type_size_t=yes
ac_cv_type_struct_serial_struct=yes
ac_cv_type_struct_termios2=yes
ac_cv_type_struct_termiox=yes
am_cv_CC_dependencies_compiler_type=gcc3
am_cv_ar_interface=ar
am_cv_make_support_nested_variables=yes
am_cv_prog_cc_c_o=yes
lt_cv_ar_at_file=@
lt_cv_archive_cmds_need_lc=no
lt_cv_deplibs_check_method=pass_all
lt_cv_file_magic_cmd='$MAGIC_CMD'
lt_cv_file_magic_test_file=
lt_cv_ld_reload_flag=-r
lt_cv_nm_interface='BSD nm'
lt_cv_objdir=.libs
lt_cv_path_LD=/usr/bin/ld
lt_cv_path_NM='/usr/bin/nm -B'
lt_cv_path_mainfest_tool=no
lt_cv_prog_compiler_c_o=yes
lt_cv_prog_compiler_pic='-fPIC -DPIC'
lt_cv_prog_compiler_pic_works=yes
lt_cv_prog_compiler_rtti_exceptions=no
lt_cv_prog_compiler_static_works=yes
lt_cv_prog_gnu_ld=yes
lt_cv_sharedlib_from_linklib_cmd='printf %s\n'
lt_cv_shlibpath_overrides_runpath=yes
lt_cv_sys_global_symbol_pipe='sed -n -e '\''s/^.*[	 ]\([ABCDGIRSTW][ABCDGIRSTW]*\)[	 ][	 ]*\([_A-Za-z][_A-Za-z0-9]*\)$/\1 \2 \2/p'\'' | sed '\''/ __gnu_lto/d'\'''
lt_cv_sys_global_symbol_to_c_name_address='sed -n -e '\''s/^: \(.*\) .*$/  {"\1", (void *) 0},/p'\'' -e '\''s/^[ABCDGIRSTW][ABCDGIRSTW]* .* \(.*\)$/  {"\1", (void *) \&\1},/p'\'''
lt_cv_sys_global_symbol_to_c_name_address_lib_prefix='sed -n -e '\''s/^: \(.*\) .*$/  {"\1", (void *) 0},/p'\'' -e '\''s/^[ABCDGIRSTW][ABCDGIRSTW]* .* \(lib.*\)$/  {"\1", (void *) \&\1},/p'\'' -e '\''s/^[ABCDGIRSTW][ABCDGIRSTW]* .* \(.*\)$/  {"lib\1", (void *) \&\1},/p'\'''
lt_cv_sys_global_symbol_to_cdecl='sed -n -e '\''s/^T .* \(.*\)$/extern int \1();/p'\'' -e '\''s/^[ABCDGIRSTW][ABCDGIRSTW]* .* \(.*\)$/extern char \1;/p'\'''
lt_cv_sys_global_symbol_to_import=
lt_cv_sys_max_cmd_len=1572864
lt_cv_to_host_file_cmd=func_convert_file_noop
lt_cv_to_tool_file_cmd=func_convert_file_noop
lt_cv_truncate_bin='/bin/dd bs=4096 count=1'
sp_cv_visibility_control=attribute

## ----------------- ##
## Output variables. ##
## ----------------- ##

ACLOCAL='${SHELL} /Submarine/gullrock/libs/libserialport/autostuff/missing aclocal-1.16'
AMDEPBACKSLASH='\'
AMDEP_FALSE='#'
AMDEP_TRUE=''
AMTAR='$${TAR-tar}'
AM_BACKSLASH='\'
AM_DEFAULT_V='$(AM_DEFAULT_VERBOSITY)'
AM_DEFAULT_VERBOSITY='0'
AM_V='$(V)'
AR='ar'
AUTOCONF='${SHELL} /Submarine/gullrock/libs/libserialport/autostuff/missing autoconf'
AUTOHEADER='${SHELL} /Submarine/gullrock/libs/libserialport/autostuff/missing autoheader'
AUTOMAKE='${SHELL} /Submarine/gullrock/libs/libserialport/autostuff/missing automake-1.16'
AWK='mawk'
CC='gcc'
CCDEPMODE='depmode=gcc3'
CFLAGS='-g -O2'
CPP='gcc -E'
CPPFLAGS=''
CYGPATH_W='echo'
DEFS='-DHAVE_CONFIG_H'
DEPDIR='.deps'
DLLTOOL='false'
DSYMUTIL=''
DUMPBIN=''
ECHO_C=''
ECHO_N='-n'
ECHO_T=''
EGREP='/bin/grep -E'
EXEEXT=''
FGREP='/bin/grep -F'
FREEBSD_FALSE=''
FREEBSD_TRUE='#'
GREP='/bin/grep'
INSTALL_DATA='${INSTALL} -m 644'
INSTALL_PROGRAM='${INSTALL}'
INSTALL_SCRIPT='${INSTALL}'
INSTALL_STRIP_PROGRAM='$(install_sh) -c -s'
LD='/usr/bin/ld'
LDFLAGS=''
LIBOBJS=''
LIBS=''
LIBTOOL='$(SHELL) $(top_builddir)/libtool'
LINUX_FALSE='#'
LINUX_TRUE=''
LIPO=''
LN_S='ln -s'
LTLIBOBJS=''
LT_SYS_LIBRARY_PATH=''
MACOSX_FALSE=''
MACOSX_TRUE='#'
MAKEINFO='${SHELL} /Submarine/gullrock/libs/libserialport/autostuff/missing makeinfo'
MANIFEST_TOOL=':'
MKDIR_P='/bin/mkdir -p'
NM='/usr/bin/nm -B'
NMEDIT=''
OBJDUMP='objdump'
OBJEXT='o'
OTOOL64=''
OTOOL=''
PACKAGE='libserialport'
PACKAGE_BUGREPORT='martin-libserialport@earth.li'
PACKAGE_NAME='libserialport'
PACKAGE_STRING='libserialport 0.1.1'
PACKAGE_TARNAME='libserialport'
PACKAGE_URL='http://sigrok.org/wiki/Libserialport'
PACKAGE_VERSION='0.1.1'
PATH_SEPARATOR=':'
RANLIB='ranlib'
SED='/bin/sed'
SET_MAKE=''
SHELL='/bin/bash'
SP_LIBS=''
SP_LIB_VERSION='1:0:1'
SP_PACKAGE_VERSION='0.1.1'
SP_PKGLIBS=''
STRIP='strip'
VERSION='0.1.1'
WIN32_FALSE=''
WIN32_TRUE='#'
ac_ct_AR='ar'
ac_ct_CC='gcc'
ac_ct_DUMPBIN=''
am__EXEEXT_FALSE=''
am__EXEEXT_TRUE='#'
am__fastdepCC_FALSE='#'
am__fastdepCC_TRUE=''
am__include='include'
am__isrc=''
am__leading_dot='.'
am__nodep='_no'
am__quote=''
am__tar='$${TAR-tar} chof - "$$tardir"'
am__untar='$${TAR-tar} xf -'
bindir='${exec_prefix}/bin'
build='armv7l-unknown-linux-gnueabihf'
build_alias=''
build_cpu='armv7l'
build_os='linux-gnueabihf'
build_vendor='unknown'
datadir='${datarootdir}'
datarootdir='${prefix}/share'
docdir='${datarootdir}/doc/${PACKAGE_TARNAME}'
dvidir='${docdir}'
exec_prefix='${prefix}'
host='armv7l-unknown-linux-gnueabihf'
host_alias=''
host_cpu='armv7l'
host_os='linux-gnueabihf'
host_vendor='unknown'
htmldir='${docdir}'
includedir='${prefix}/include'
infodir='${datarootdir}/info'
install_sh='${SHELL} /Submarine/gullrock/libs/libserialport/autostuff/install-sh'
libdir='${exec_prefix}/lib'
libexecdir='${exec_prefix}/libexec'
localedir='${datarootdir}/locale'
localstatedir='${prefix}/var'
mandir='${datarootdir}/man'
mkdir_p='$(MKDIR_P)'
oldincludedir='/usr/include'
pdfdir='${docdir}'
prefix='/usr/local'
program_transform_name='s,x,x,'
psdir='${docdir}'
runstatedir='${localstatedir}/run'
sbindir='${exec_prefix}/sbin'
sharedstatedir='${prefix}/com'
sysconfdir='${prefix}/etc'
target_alias=''

## ----------- ##
## confdefs.h. ##
## ----------- ##

/* confdefs.h */
#define PACKAGE_NAME "libserialport"
#define PACKAGE_TARNAME "libserialport"
#define PACKAGE_VERSION "0.1.1"
#define PACKAGE_STRING "libserialport 0.1.1"
#define PACKAGE_BUGREPORT "martin-libserialport@earth.li"
#define PACKAGE_URL "http://sigrok.org/wiki/Libserialport"
#define STDC_HEADERS 1
#define HAVE_SYS_TYPES_H 1
#define HAVE_SYS_STAT_H 1
#define HAVE_STDLIB_H 1
#define HAVE_STRING_H 1
#define HAVE_MEMORY_H 1
#define HAVE_STRINGS_H 1
#define HAVE_INTTYPES_H 1
#define HAVE_STDINT_H 1
#define HAVE_UNISTD_H 1
#define HAVE_DLFCN_H 1
#define LT_OBJDIR ".libs/"
#define SP_PACKAGE_VERSION_MAJOR 0
#define SP_PACKAGE_VERSION_MINOR 1
#define SP_PACKAGE_VERSION_MICRO 1
#define SP_PACKAGE_VERSION_STRING "0.1.1"
#define SP_LIB_VERSION_CURRENT 1
#define SP_LIB_VERSION_REVISION 0
#define SP_LIB_VERSION_AGE 1
#define SP_LIB_VERSION_STRING "1:0:1"
#define _FILE_OFFSET_BITS 64
#define HAVE_STRUCT_TERMIOS2 1
#define HAVE_STRUCT_TERMIOX 1
#define HAVE_STRUCT_TERMIOS2_C_ISPEED 1
#define HAVE_STRUCT_TERMIOS2_C_OSPEED 1
#define HAVE_DECL_BOTHER 1
#define HAVE_STRUCT_SERIAL_STRUCT 1
#define HAVE_REALPATH 1
#define HAVE_SYS_FILE_H 1
#define HAVE_FLOCK 1
#define HAVE_CLOCK_GETTIME 1
#define SP_API __attribute__((visibility("default")))
#define SP_PRIV __attribute__((visibility("hidden")))

configure: exit 0
